MYSQL-CANDLES: connected
MYSQL-CANDLES: disconnected
Orders: TRAIN = 4732 TEST = 1183 TEST since = 04.07.2022 15:10:59
*** OPTIMIZING FOR: acc
 - 0.48520711064338684
 - 0.4885883331298828
 - 0.4809805452823639
 - 0.4792899489402771
 - 0.49535080790519714
 - 0.49366018176078796
 - 0.49619612097740173
** OPT 0: 0.4885 {lc_m: 2, lc_dp: 2, lc_dr: 1, lc_l1: 3, lc_l2: 2, lc_l3: 3, lc_l4: 3, epochsMin: 15}
 - 0.5029585957527161
 - 0.5004226565361023
 - 0.5021132826805115
 - 0.4919695556163788
 - 0.48436179757118225
 - 0.5004226565361023
 - 0.5164835453033447
** OPT 1: 0.4998 {lc_m: 0, lc_dp: 3, lc_dr: 0, lc_l1: 1, lc_l2: 2, lc_l3: 1, lc_l4: 0, epochsMin: 12}
 - 0.48520711064338684
 - 0.5029585957527161
 - 0.4894336462020874
 - 0.4885883331298828
 - 0.4885883331298828
 - 0.49535080790519714
 - 0.49535080790519714
** OPT 2: 0.4922 {lc_m: 1, lc_dp: 0, lc_dr: 1, lc_l1: 0, lc_l2: 1, lc_l3: 3, lc_l4: 1, epochsMin: 36}
 - 0.49535080790519714
 - 0.4911242723464966
 - 0.4987320303916931
 - 0.5021132826805115
 - 0.4978867173194885
 - 0.4995773434638977
 - 0.49450549483299255
** OPT 3: 0.4970 {lc_m: 3, lc_dp: 3, lc_dr: 2, lc_l1: 1, lc_l2: 3, lc_l3: 1, lc_l4: 1, epochsMin: 45}
 - 0.4877430200576782
 - 0.4970414340496063
 - 0.4987320303916931
 - 0.49450549483299255
 - 0.4987320303916931
 - 0.4784446358680725
 - 0.4775993227958679
** OPT 4: 0.4904 {lc_m: 1, lc_dp: 0, lc_dr: 2, lc_l1: 1, lc_l2: 0, lc_l3: 3, lc_l4: 1, epochsMin: 27}
 - 0.4978867173194885
 - 0.4919695556163788
 - 0.4987320303916931
 - 0.4987320303916931
 - 0.4801352620124817
 - 0.4809805452823639
 - 0.4970414340496063
** OPT 5: 0.4922 {lc_m: 1, lc_dp: 3, lc_dr: 0, lc_l1: 3, lc_l2: 1, lc_l3: 3, lc_l4: 2, epochsMin: 36}
 - 0.4987320303916931
 - 0.49619612097740173
 - 0.4894336462020874
 - 0.49619612097740173
