Orders: TRAIN = 2466 TEST = 1057
*** OPTIMIZING FOR: acc
=== tfjs in node
 - 0.5137180685997009
 - 0.503311276435852
 - 0.4900662302970886
 - 0.5146641731262207
 - 0.5260170102119446
 - 0.5014191269874573
 - 0.5023651719093323
 - 0.503311276435852
 - 0.5146641731262207
 - 0.49479660391807556
** OPT 0: 0.5064 {lc_m: 2, lc_dp: 2, lc_dr: 1, lc_l1: 3, lc_l2: 2, lc_l3: 3, lc_l4: 3, epochsMin: 15}
 - 0.5061494708061218
 - 0.5193945169448853
 - 0.4938505291938782
 - 0.5193945169448853
 - 0.5137180685997009
 - 0.4938505291938782
 - 0.5070955753326416
 - 0.5014191269874573
 - 0.5061494708061218
 - 0.48912015557289124
** OPT 1: 0.5050 {lc_m: 0, lc_dp: 3, lc_dr: 0, lc_l1: 1, lc_l2: 2, lc_l3: 1, lc_l4: 0, epochsMin: 12}
 - 0.5099337697029114
 - 0.5127720236778259
 - 0.4843897819519043
 - 0.5080416202545166
 - 0.5099337697029114
 - 0.5118259191513062
 - 0.5184484124183655
 - 0.5193945169448853
 - 0.5004730224609375
 - 0.5241248607635498
** OPT 2: 0.5099 {lc_m: 1, lc_dp: 0, lc_dr: 1, lc_l1: 0, lc_l2: 1, lc_l3: 3, lc_l4: 1, epochsMin: 36}
 - 0.5070955753326416
 - 0.5231788158416748
 - 0.5175023674964905
 - 0.5203405618667603
 - 0.5184484124183655
 - 0.491012305021286
 - 0.4985809028148651
 - 0.5156102180480957
 - 0.49668875336647034
 - 0.522232711315155
** OPT 3: 0.5111 {lc_m: 3, lc_dp: 3, lc_dr: 2, lc_l1: 1, lc_l2: 3, lc_l3: 1, lc_l4: 1, epochsMin: 45}
 - 0.4976348280906677
 - 0.5137180685997009
 - 0.49668875336647034
 - 0.5070955753326416
 - 0.5269631147384644
 - 0.5156102180480957
 - 0.52128666639328
 - 0.5089877247810364
 - 0.5052034258842468
 - 0.4938505291938782
** OPT 4: 0.5087 {lc_m: 1, lc_dp: 0, lc_dr: 2, lc_l1: 1, lc_l2: 0, lc_l3: 3, lc_l4: 1, epochsMin: 27}
 - 0.5193945169448853
 - 0.5165562629699707
 - 0.5156102180480957
 - 0.522232711315155
 - 0.4938505291938782
 - 0.5004730224609375
 - 0.503311276435852
 - 0.5241248607635498
 - 0.5061494708061218
 - 0.52128666639328
** OPT 5: 0.5123 {lc_m: 1, lc_dp: 3, lc_dr: 0, lc_l1: 3, lc_l2: 1, lc_l3: 3, lc_l4: 2, epochsMin: 36}
 - 0.504257321357727
 - 0.5156102180480957
 - 0.5023651719093323
 - 0.4985809028148651
 - 0.5014191269874573
 - 0.5118259191513062
 - 0.522232711315155
 - 0.5203405618667603
 - 0.5231788158416748
 - 0.5080416202545166
** OPT 6: 0.5108 {lc_m: 2, lc_dp: 2, lc_dr: 1, lc_l1: 1, lc_l2: 3, lc_l3: 2, lc_l4: 2, epochsMin: 24}
 - 0.5080416202545166
 - 0.5175023674964905
 - 0.5193945169448853
 - 0.522232711315155
 - 0.5089877247810364
 - 0.5165562629699707
 - 0.5089877247810364
 - 0.503311276435852
 - 0.5070955753326416
 - 0.5231788158416748
** OPT 7: 0.5135 {lc_m: 2, lc_dp: 2, lc_dr: 2, lc_l1: 2, lc_l2: 1, lc_l3: 2, lc_l4: 0, epochsMin: 6}
 - 0.4985809028148651
 - 0.4938505291938782
 - 0.5241248607635498
 - 0.52128666639328
 - 0.5193945169448853
 - 0.5118259191513062
 - 0.5099337697029114
 - 0.5004730224609375
 - 0.5118259191513062
 - 0.5146641731262207
** OPT 8: 0.5106 {lc_m: 2, lc_dp: 1, lc_dr: 2, lc_l1: 0, lc_l2: 3, lc_l3: 2, lc_l4: 1, epochsMin: 15}
 - 0.5080416202545166
 - 0.5014191269874573
 - 0.4900662302970886
 - 0.5193945169448853
 - 0.5175023674964905
 - 0.4995269775390625
 - 0.5108798742294312
 - 0.522232711315155
 - 0.504257321357727
 - 0.5137180685997009
** OPT 9: 0.5087 {lc_m: 1, lc_dp: 1, lc_dr: 3, lc_l1: 2, lc_l2: 3, lc_l3: 0, lc_l4: 1, epochsMin: 15}
 - 0.4929044544696808
 - 0.5108798742294312
 - 0.5175023674964905
 - 0.4985809028148651
 - 0.5137180685997009
 - 0.4985809028148651
 - 0.503311276435852
 - 0.5070955753326416
 - 0.5241248607635498
 - 0.4985809028148651
** OPT 10: 0.5065 {lc_m: 3, lc_dp: 2, lc_dr: 2, lc_l1: 0, lc_l2: 1, lc_l3: 2, lc_l4: 3, epochsMin: 21}
 - 0.5023651719093323
 - 0.5118259191513062
 - 0.5156102180480957
 - 0.4929044544696808
 - 0.5231788158416748
 - 0.5023651719093323
 - 0.5052034258842468
 - 0.5203405618667603
 - 0.5241248607635498
 - 0.5288552641868591
** OPT 11: 0.5127 {lc_m: 2, lc_dp: 2, lc_dr: 2, lc_l1: 2, lc_l2: 2, lc_l3: 0, lc_l4: 3, epochsMin: 15}
 - 0.5193945169448853
 - 0.5260170102119446
 - 0.504257321357727
 - 0.5175023674964905
 - 0.4995269775390625
 - 0.491012305021286
 - 0.5118259191513062
 - 0.5127720236778259
 - 0.5080416202545166
 - 0.5108798742294312
** OPT 12: 0.5101 {lc_m: 2, lc_dp: 1, lc_dr: 2, lc_l1: 3, lc_l2: 0, lc_l3: 0, lc_l4: 3, epochsMin: 21}
 - 0.5298013091087341
 - 0.522232711315155
 - 0.5288552641868591
 - 0.4929044544696808
 - 0.5070955753326416
 - 0.5127720236778259
 - 0.49668875336647034
 - 0.5118259191513062
 - 0.5137180685997009
 - 0.52128666639328
** OPT 13: 0.5137 {lc_m: 2, lc_dp: 1, lc_dr: 2, lc_l1: 0, lc_l2: 2, lc_l3: 3, lc_l4: 2, epochsMin: 48}
 - 0.5165562629699707
 - 0.5146641731262207
 - 0.49668875336647034
 - 0.5108798742294312
 - 0.4995269775390625
 - 0.49668875336647034
 - 0.4929044544696808
 - 0.5193945169448853
 - 0.5052034258842468
 - 0.5080416202545166
** OPT 14: 0.5061 {lc_m: 2, lc_dp: 2, lc_dr: 1, lc_l1: 2, lc_l2: 1, lc_l3: 3, lc_l4: 1, epochsMin: 18}
 - 0.5118259191513062
 - 0.503311276435852
 - 0.52128666639328
 - 0.5127720236778259
 - 0.5165562629699707
 - 0.5118259191513062
 - 0.4995269775390625
 - 0.5108798742294312
 - 0.4843897819519043
 - 0.4976348280906677
** OPT 15: 0.5070 {lc_m: 0, lc_dp: 0, lc_dr: 2, lc_l1: 0, lc_l2: 0, lc_l3: 3, lc_l4: 3, epochsMin: 33}
 - 0.522232711315155
 - 0.5279091596603394
 - 0.5241248607635498
 - 0.5146641731262207
 - 0.4985809028148651
 - 0.504257321357727
 - 0.5203405618667603
 - 0.52128666639328
 - 0.5184484124183655
 - 0.5146641731262207
** OPT 16: 0.5167 {lc_m: 2, lc_dp: 0, lc_dr: 2, lc_l1: 3, lc_l2: 1, lc_l3: 3, lc_l4: 3, epochsMin: 21}
 - 0.5089877247810364
 - 0.5137180685997009
 - 0.5108798742294312
 - 0.504257321357727
 - 0.5070955753326416
 - 0.5004730224609375
 - 0.5165562629699707
 - 0.5203405618667603
 - 0.4862819314002991
 - 0.5089877247810364
** OPT 17: 0.5078 {lc_m: 2, lc_dp: 3, lc_dr: 1, lc_l1: 1, lc_l2: 1, lc_l3: 3, lc_l4: 1, epochsMin: 24}
 - 0.5175023674964905
 - 0.5193945169448853
 - 0.5146641731262207
 - 0.5137180685997009
 - 0.5250709652900696
 - 0.5203405618667603
 - 0.5089877247810364
 - 0.5241248607635498
 - 0.5080416202545166
 - 0.5175023674964905
** OPT 18: 0.5169 {lc_m: 2, lc_dp: 2, lc_dr: 2, lc_l1: 2, lc_l2: 1, lc_l3: 0, lc_l4: 3, epochsMin: 42}
 - 0.5231788158416748
 - 0.5127720236778259
 - 0.5108798742294312
 - 0.5004730224609375
 - 0.5023651719093323
 - 0.5146641731262207
 - 0.503311276435852
 - 0.5004730224609375
 - 0.5203405618667603
 - 0.4919583797454834
** OPT 19: 0.5080 {lc_m: 3, lc_dp: 1, lc_dr: 2, lc_l1: 1, lc_l2: 1, lc_l3: 3, lc_l4: 3, epochsMin: 42}
Optimizing: 30:43.651 (m:ss.mmm)
Max: {lc_m: 2, lc_dp: 2, lc_dr: 2, lc_l1: 2, lc_l2: 1, lc_l3: 0, lc_l4: 3, epochsMin: 42}
Min: {lc_m: 0, lc_dp: 3, lc_dr: 0, lc_l1: 1, lc_l2: 2, lc_l3: 1, lc_l4: 0, epochsMin: 12}
