MYSQL-CANDLES: connected
MYSQL-CANDLES: disconnected
Orders: TRAIN = 2813 TEST = 1206 TEST since = 12.04.2022 23:44:59
*** OPTIMIZING FOR: wrBoost
 - -0.9919154228855724
 - 0.13266998341625325
 - -0.15961857379767785
 - -0.8675373134328357
 - -1.3681592039801007
 - -1.4085820895522403
** OPT 0: -0.7772 {lc_m: 2, lc_dp: 2, lc_dr: 1, lc_l1: 3, lc_l2: 2, lc_l3: 3, lc_l4: 3, epochsMin: 15}
 - -1.5764925373134329
 - -1.5339966832504146
 - -0.3254560530679935
 - -0.9919154228855724
 - 0.1751658374792715
 - -0.7431592039800989
** OPT 1: -0.8326 {lc_m: 0, lc_dp: 3, lc_dr: 0, lc_l1: 1, lc_l2: 2, lc_l3: 1, lc_l4: 0, epochsMin: 12}
 - -0.9089966832504128
 - -3.5333747927031514
 - -0.9504560530679935
 - 0.007255389718075378
 - -1.8252487562189064
 - -0.2425373134328357
** OPT 2: -1.2422 {lc_m: 1, lc_dp: 0, lc_dr: 1, lc_l1: 0, lc_l2: 1, lc_l3: 3, lc_l4: 1, epochsMin: 36}
 - -0.7846185737976779
 - -1.5329601990049753
 - -0.11712271973466137
 - -1.7019071310116107
 - -0.7846185737976779
 - -1.2427446102819246
** OPT 3: -1.0273 {lc_m: 3, lc_dp: 3, lc_dr: 2, lc_l1: 1, lc_l2: 3, lc_l3: 1, lc_l4: 1, epochsMin: 45}
 - -1.3671227197346614
 - -2.3248341625207285
 - -1.8667081260364853
 - -0.36691542288557244
 - -0.7835820895522403
 - -0.2425373134328357
** OPT 4: -1.1586 {lc_m: 1, lc_dp: 0, lc_dr: 2, lc_l1: 1, lc_l2: 0, lc_l3: 3, lc_l4: 1, epochsMin: 27}
 - -0.7006633499170807
 - -1.5339966832504146
 - -1.4510779436152585
 - 0.2155887230514093
 - -0.4094112769485907
 - -1.1173300165837468
** OPT 5: -0.8328 {lc_m: 1, lc_dp: 3, lc_dr: 0, lc_l1: 3, lc_l2: 1, lc_l3: 3, lc_l4: 2, epochsMin: 36}
 - 0.8996683250414582
 - -0.28296019900497527
 - -1.4915008291873963
 - -1.5339966832504146
 - -0.15961857379767785
 - -1.4510779436152585
** OPT 6: -0.6699 {lc_m: 2, lc_dp: 2, lc_dr: 1, lc_l1: 1, lc_l2: 3, lc_l3: 2, lc_l4: 2, epochsMin: 24}
 - -1.1173300165837468
 - 1.0655058043117738
 - -1.0758706467661696
 - -0.07669983416252002
 - 0.6737147595356561
 - -0.6592039800995035
** OPT 7: -0.1983 {lc_m: 2, lc_dp: 2, lc_dr: 2, lc_l1: 2, lc_l2: 1, lc_l3: 2, lc_l4: 0, epochsMin: 6}
 - 0.8996683250414582
 - -1.0758706467661696
 - 0.5078772802653404
 - -0.9939883913764511
 - -1.4925373134328375
 - -0.5348258706467668
** OPT 8: -0.4483 {lc_m: 2, lc_dp: 1, lc_dr: 2, lc_l1: 0, lc_l2: 3, lc_l3: 2, lc_l4: 1, epochsMin: 15}
 - -1.2417081260364853
 - -0.7846185737976779
 - 0.5666113875069101
 - 1.5118850193477062
 - -0.4508706467661696
 - -0.7856550580431172
** OPT 9: -0.1974 {lc_m: 1, lc_dp: 1, lc_dr: 3, lc_l1: 2, lc_l2: 3, lc_l3: 0, lc_l4: 1, epochsMin: 15}
 - -0.03420398009950354
 - -0.6177446102819246
 - 1.0102266445550043
 - -1.2842039800995035
 - -0.49233001658374675
 - -0.9919154228855724
** OPT 10: -0.4017 {lc_m: 3, lc_dp: 2, lc_dr: 2, lc_l1: 0, lc_l2: 1, lc_l3: 2, lc_l4: 3, epochsMin: 21}
 - -1.3266998341625218
 - -0.6177446102819246
 - -0.28296019900497527
 - -0.11608623548922026
 - -0.7421227197346614
 - 0.13163349917081213
** OPT 11: -0.4923 {lc_m: 2, lc_dp: 2, lc_dr: 2, lc_l1: 2, lc_l2: 2, lc_l3: 0, lc_l4: 3, epochsMin: 15}
 - -1.1183665008291879
 - -0.8665008291873963
 - 0.09017412935323321
 - -0.03420398009950354
 - -0.40837479270315136
 - -0.6167081260364853
** OPT 12: -0.4923 {lc_m: 2, lc_dp: 1, lc_dr: 2, lc_l1: 3, lc_l2: 0, lc_l3: 0, lc_l4: 3, epochsMin: 21}
 - -0.8260779436152568
 - -1.0758706467661696
 - -0.6177446102819246
 - 0.2155887230514093
 - 0.21662520729684864
 - 0.42392205638474323
** OPT 13: -0.2773 {lc_m: 2, lc_dp: 1, lc_dr: 2, lc_l1: 0, lc_l2: 2, lc_l3: 3, lc_l4: 2, epochsMin: 48}
 - -1.2002487562189064
 - -1.3671227197346614
 - -0.5752487562189064
 - 1.455223880597013
 - -0.4508706467661696
 - -0.8260779436152568
** OPT 14: -0.4941 {lc_m: 2, lc_dp: 2, lc_dr: 1, lc_l1: 2, lc_l2: 1, lc_l3: 3, lc_l4: 1, epochsMin: 18}
 - -0.07566334991708068
 - -0.03524046434494288
 - -0.07462686567164134
 - -0.8250414593698192
 - -1.5764925373134329
 - -0.6581674958540624
** OPT 15: -0.5409 {lc_m: 0, lc_dp: 0, lc_dr: 2, lc_l1: 0, lc_l2: 0, lc_l3: 3, lc_l4: 3, epochsMin: 33}
 - -1.5329601990049753
 - 1.047885572139304
 - -0.4508706467661696
 - 0.8443891652846863
 - -1.5339966832504146
 - -0.9089966832504128
** OPT 16: -0.4224 {lc_m: 2, lc_dp: 0, lc_dr: 2, lc_l1: 3, lc_l2: 1, lc_l3: 3, lc_l4: 3, epochsMin: 21}
 - -0.7421227197346614
 - 0.2995439469320065
 - -0.9079601990049753
 - -1.6169154228855742
 - -0.8665008291873963
 - -1.6179519071310118
** OPT 17: -0.9087 {lc_m: 2, lc_dp: 3, lc_dr: 1, lc_l1: 1, lc_l2: 1, lc_l3: 3, lc_l4: 1, epochsMin: 24}
 - 0.42392205638474323
 - -0.4508706467661696
 - -1.4510779436152585
 - -0.2000414593698192
 - -0.03420398009950354
 - 0.29850746268656714
** OPT 18: -0.2356 {lc_m: 2, lc_dp: 2, lc_dr: 2, lc_l1: 2, lc_l2: 1, lc_l3: 0, lc_l4: 3, epochsMin: 42}
 - 0.007255389718075378
 - -1.0333747927031514
 - -1.4096185737976796
 - -1.3671227197346614
 - -0.7421227197346614
 - 0.008291873963514718
** OPT 19: -0.7561 {lc_m: 3, lc_dp: 1, lc_dr: 2, lc_l1: 1, lc_l2: 1, lc_l3: 3, lc_l4: 3, epochsMin: 42}
Optimizing: 12:17.695 (m:ss.mmm)
Max: {lc_m: 1, lc_dp: 1, lc_dr: 3, lc_l1: 2, lc_l2: 3, lc_l3: 0, lc_l4: 1, epochsMin: 15}
Min: {lc_m: 1, lc_dp: 0, lc_dr: 1, lc_l1: 0, lc_l2: 1, lc_l3: 3, lc_l4: 1, epochsMin: 36}
